2026-07-16 14:49:58 START root=/tmp streams=2 batch_size=5 dry_run=True dashboard=False
2026-07-16 14:49:58 WARNING: supplied path is not listed as a mountpoint; processing remains restricted to its current filesystem
2026-07-16 14:49:58 worker-01: reserved 1 directory
2026-07-16 14:49:58 SCAN ERROR: '/tmp/systemd-private-bbf15b237efd4e12afd451ef6279f46e-chrony.service-BwsR0C': [Errno 13] Permission denied: '/tmp/systemd-private-bbf15b237efd4e12afd451ef6279f46e-chrony.service-BwsR0C'
2026-07-16 14:49:58 worker-02: reserved 1 directory
2026-07-16 14:49:58 SCAN ERROR: '/tmp/systemd-private-bbf15b237efd4e12afd451ef6279f46e-haveged.service-qtljGg': [Errno 13] Permission denied: '/tmp/systemd-private-bbf15b237efd4e12afd451ef6279f46e-haveged.service-qtljGg'
2026-07-16 14:49:58 worker-01: completed 1/1 rc=0 path=/tmp
2026-07-16 14:49:58 SCAN ERROR: '/tmp/systemd-private-bbf15b237efd4e12afd451ef6279f46e-polkit.service-u3KMu6': [Errno 13] Permission denied: '/tmp/systemd-private-bbf15b237efd4e12afd451ef6279f46e-polkit.service-u3KMu6'
2026-07-16 14:49:58 worker-02: completed 1/1 rc=0 path=/tmp/systemd-private-bbf15b237efd4e12afd451ef6279f46e-chrony.service-BwsR0C
2026-07-16 14:49:58 worker-01: reserved 2 directories
2026-07-16 14:49:58 SCAN ERROR: '/tmp/systemd-private-bbf15b237efd4e12afd451ef6279f46e-ModemManager.service-qdJcK1': [Errno 13] Permission denied: '/tmp/systemd-private-bbf15b237efd4e12afd451ef6279f46e-ModemManager.service-qdJcK1'
2026-07-16 14:49:58 worker-02: reserved 1 directory
2026-07-16 14:49:58 worker-01: completed 1/2 rc=0 path=/tmp/systemd-private-bbf15b237efd4e12afd451ef6279f46e-haveged.service-qtljGg
2026-07-16 14:49:58 worker-02: completed 1/1 rc=0 path=/tmp/systemd-private-bbf15b237efd4e12afd451ef6279f46e-ModemManager.service-qdJcK1
2026-07-16 14:49:58 SCAN ERROR: '/tmp/systemd-private-bbf15b237efd4e12afd451ef6279f46e-systemd-resolved.service-ZJNrph': [Errno 13] Permission denied: '/tmp/systemd-private-bbf15b237efd4e12afd451ef6279f46e-systemd-resolved.service-ZJNrph'
2026-07-16 14:49:58 worker-02: reserved 3 directories
2026-07-16 14:49:58 worker-01: completed 2/2 rc=0 path=/tmp/systemd-private-bbf15b237efd4e12afd451ef6279f46e-polkit.service-u3KMu6
2026-07-16 14:49:58 SCAN ERROR: '/tmp/snap-private-tmp': [Errno 13] Permission denied: '/tmp/snap-private-tmp'
2026-07-16 14:49:58 worker-02: completed 1/3 rc=0 path=/tmp/.XIM-unix
2026-07-16 14:49:58 worker-01: reserved 1 directory
2026-07-16 14:49:58 worker-02: completed 2/3 rc=0 path=/tmp/.ICE-unix
2026-07-16 14:49:58 SCAN ERROR: '/tmp/systemd-private-bbf15b237efd4e12afd451ef6279f46e-systemd-logind.service-cMj7Sf': [Errno 13] Permission denied: '/tmp/systemd-private-bbf15b237efd4e12afd451ef6279f46e-systemd-logind.service-cMj7Sf'
2026-07-16 14:49:58 worker-02: completed 3/3 rc=0 path=/tmp/systemd-private-bbf15b237efd4e12afd451ef6279f46e-systemd-resolved.service-ZJNrph
2026-07-16 14:49:58 worker-01: completed 1/1 rc=0 path=/tmp/snap-private-tmp
2026-07-16 14:49:58 worker-02: reserved 5 directories
2026-07-16 14:49:58 worker-01: reserved 2 directories
2026-07-16 14:49:58 worker-02: completed 1/5 rc=0 path=/tmp/node-compile-cache
2026-07-16 14:49:58 worker-02: completed 2/5 rc=0 path=/tmp/node-compile-cache/v24.18.0-x64-cf738c9d-0
2026-07-16 14:49:58 worker-02: completed 3/5 rc=0 path=/tmp/systemd-private-bbf15b237efd4e12afd451ef6279f46e-systemd-logind.service-cMj7Sf
2026-07-16 14:49:58 worker-01: completed 1/2 rc=0 path=/tmp/codeql-scratch-cdecc89df7a9702e
2026-07-16 14:49:58 worker-02: completed 4/5 rc=0 path=/tmp/.X11-unix
2026-07-16 14:49:58 worker-01: completed 2/2 rc=0 path=/tmp/codeql-scratch-cdecc89df7a9702e/dbs
2026-07-16 14:49:58 worker-02: completed 5/5 rc=0 path=/tmp/.font-unix
2026-07-16 14:49:58 END discovered=16 completed=16 failed=0 skipped_mounts=0 scan_errors=7
2026-07-16 14:50:42 START root=/tmp streams=3 batch_size=3 dry_run=True dashboard=False
2026-07-16 14:50:42 WARNING: supplied path is not listed as a mountpoint; processing remains restricted to its current filesystem
2026-07-16 14:50:42 worker-01: reserved 1 directory
2026-07-16 14:50:42 worker-01: completed 1/1 rc=0 path=/tmp
2026-07-16 14:50:42 SCAN ERROR: '/tmp/systemd-private-bbf15b237efd4e12afd451ef6279f46e-chrony.service-BwsR0C': [Errno 13] Permission denied: '/tmp/systemd-private-bbf15b237efd4e12afd451ef6279f46e-chrony.service-BwsR0C'
2026-07-16 14:50:42 worker-02: reserved 1 directory
2026-07-16 14:50:42 worker-03: reserved 1 directory
2026-07-16 14:50:42 SCAN ERROR: '/tmp/systemd-private-bbf15b237efd4e12afd451ef6279f46e-haveged.service-qtljGg': [Errno 13] Permission denied: '/tmp/systemd-private-bbf15b237efd4e12afd451ef6279f46e-haveged.service-qtljGg'
2026-07-16 14:50:42 worker-02: completed 1/1 rc=0 path=/tmp/systemd-private-bbf15b237efd4e12afd451ef6279f46e-chrony.service-BwsR0C
2026-07-16 14:50:42 worker-03: completed 1/1 rc=0 path=/tmp/systemd-private-bbf15b237efd4e12afd451ef6279f46e-haveged.service-qtljGg
2026-07-16 14:50:42 worker-01: reserved 1 directory
2026-07-16 14:50:42 SCAN ERROR: '/tmp/systemd-private-bbf15b237efd4e12afd451ef6279f46e-polkit.service-u3KMu6': [Errno 13] Permission denied: '/tmp/systemd-private-bbf15b237efd4e12afd451ef6279f46e-polkit.service-u3KMu6'
2026-07-16 14:50:42 worker-01: completed 1/1 rc=0 path=/tmp/systemd-private-bbf15b237efd4e12afd451ef6279f46e-polkit.service-u3KMu6
2026-07-16 14:50:42 worker-02: reserved 1 directory
2026-07-16 14:50:42 SCAN ERROR: '/tmp/systemd-private-bbf15b237efd4e12afd451ef6279f46e-ModemManager.service-qdJcK1': [Errno 13] Permission denied: '/tmp/systemd-private-bbf15b237efd4e12afd451ef6279f46e-ModemManager.service-qdJcK1'
2026-07-16 14:50:42 worker-03: reserved 1 directory
2026-07-16 14:50:42 worker-02: completed 1/1 rc=0 path=/tmp/systemd-private-bbf15b237efd4e12afd451ef6279f46e-ModemManager.service-qdJcK1
2026-07-16 14:50:42 worker-01: reserved 1 directory
2026-07-16 14:50:42 worker-03: completed 1/1 rc=0 path=/tmp/.XIM-unix
2026-07-16 14:50:42 SCAN ERROR: '/tmp/systemd-private-bbf15b237efd4e12afd451ef6279f46e-systemd-resolved.service-ZJNrph': [Errno 13] Permission denied: '/tmp/systemd-private-bbf15b237efd4e12afd451ef6279f46e-systemd-resolved.service-ZJNrph'
2026-07-16 14:50:42 worker-02: reserved 1 directory
2026-07-16 14:50:42 worker-01: completed 1/1 rc=0 path=/tmp/.ICE-unix
2026-07-16 14:50:42 worker-03: reserved 1 directory
2026-07-16 14:50:42 SCAN ERROR: '/tmp/snap-private-tmp': [Errno 13] Permission denied: '/tmp/snap-private-tmp'
2026-07-16 14:50:42 worker-02: completed 1/1 rc=0 path=/tmp/systemd-private-bbf15b237efd4e12afd451ef6279f46e-systemd-resolved.service-ZJNrph
2026-07-16 14:50:42 worker-03: completed 1/1 rc=0 path=/tmp/snap-private-tmp
2026-07-16 14:50:42 worker-01: reserved 1 directory
2026-07-16 14:50:42 SCAN ERROR: '/tmp/systemd-private-bbf15b237efd4e12afd451ef6279f46e-systemd-logind.service-cMj7Sf': [Errno 13] Permission denied: '/tmp/systemd-private-bbf15b237efd4e12afd451ef6279f46e-systemd-logind.service-cMj7Sf'
2026-07-16 14:50:42 worker-02: reserved 2 directories
2026-07-16 14:50:42 worker-01: completed 1/1 rc=0 path=/tmp/node-compile-cache
2026-07-16 14:50:42 worker-03: reserved 1 directory
2026-07-16 14:50:42 worker-01: reserved 3 directories
2026-07-16 14:50:42 worker-02: completed 1/2 rc=0 path=/tmp/node-compile-cache/v24.18.0-x64-cf738c9d-0
2026-07-16 14:50:42 worker-03: completed 1/1 rc=0 path=/tmp/.X11-unix
2026-07-16 14:50:42 worker-01: completed 1/3 rc=0 path=/tmp/.font-unix
2026-07-16 14:50:42 worker-01: completed 2/3 rc=0 path=/tmp/codeql-scratch-cdecc89df7a9702e
2026-07-16 14:50:42 worker-02: completed 2/2 rc=0 path=/tmp/systemd-private-bbf15b237efd4e12afd451ef6279f46e-systemd-logind.service-cMj7Sf
2026-07-16 14:50:42 worker-01: completed 3/3 rc=0 path=/tmp/codeql-scratch-cdecc89df7a9702e/dbs
2026-07-16 14:50:43 END discovered=16 completed=16 failed=0 skipped_mounts=0 scan_errors=7
