
===== 2026-07-16 14:49:58 =====
Directories: 1
/tmp/systemd-private-bbf15b237efd4e12afd451ef6279f46e-chrony.service-BwsR0C/

--- 2026-07-16 14:49:58 ---
Directory 1/1: /tmp/systemd-private-bbf15b237efd4e12afd451ef6279f46e-chrony.service-BwsR0C/
DRY RUN: ['dsmc', 'incremental', '-subdir=no', '-resourceutilization=2', '/tmp/systemd-private-bbf15b237efd4e12afd451ef6279f46e-chrony.service-BwsR0C/']

===== 2026-07-16 14:49:58 =====
Directories: 1
/tmp/systemd-private-bbf15b237efd4e12afd451ef6279f46e-ModemManager.service-qdJcK1/

--- 2026-07-16 14:49:58 ---
Directory 1/1: /tmp/systemd-private-bbf15b237efd4e12afd451ef6279f46e-ModemManager.service-qdJcK1/
DRY RUN: ['dsmc', 'incremental', '-subdir=no', '-resourceutilization=2', '/tmp/systemd-private-bbf15b237efd4e12afd451ef6279f46e-ModemManager.service-qdJcK1/']

===== 2026-07-16 14:49:58 =====
Directories: 3
/tmp/.XIM-unix/
/tmp/.ICE-unix/
/tmp/systemd-private-bbf15b237efd4e12afd451ef6279f46e-systemd-resolved.service-ZJNrph/

--- 2026-07-16 14:49:58 ---
Directory 1/3: /tmp/.XIM-unix/
DRY RUN: ['dsmc', 'incremental', '-subdir=no', '-resourceutilization=2', '/tmp/.XIM-unix/']

--- 2026-07-16 14:49:58 ---
Directory 2/3: /tmp/.ICE-unix/
DRY RUN: ['dsmc', 'incremental', '-subdir=no', '-resourceutilization=2', '/tmp/.ICE-unix/']

--- 2026-07-16 14:49:58 ---
Directory 3/3: /tmp/systemd-private-bbf15b237efd4e12afd451ef6279f46e-systemd-resolved.service-ZJNrph/
DRY RUN: ['dsmc', 'incremental', '-subdir=no', '-resourceutilization=2', '/tmp/systemd-private-bbf15b237efd4e12afd451ef6279f46e-systemd-resolved.service-ZJNrph/']

===== 2026-07-16 14:49:58 =====
Directories: 5
/tmp/node-compile-cache/
/tmp/node-compile-cache/v24.18.0-x64-cf738c9d-0/
/tmp/systemd-private-bbf15b237efd4e12afd451ef6279f46e-systemd-logind.service-cMj7Sf/
/tmp/.X11-unix/
/tmp/.font-unix/

--- 2026-07-16 14:49:58 ---
Directory 1/5: /tmp/node-compile-cache/
DRY RUN: ['dsmc', 'incremental', '-subdir=no', '-resourceutilization=2', '/tmp/node-compile-cache/']

--- 2026-07-16 14:49:58 ---
Directory 2/5: /tmp/node-compile-cache/v24.18.0-x64-cf738c9d-0/
DRY RUN: ['dsmc', 'incremental', '-subdir=no', '-resourceutilization=2', '/tmp/node-compile-cache/v24.18.0-x64-cf738c9d-0/']

--- 2026-07-16 14:49:58 ---
Directory 3/5: /tmp/systemd-private-bbf15b237efd4e12afd451ef6279f46e-systemd-logind.service-cMj7Sf/
DRY RUN: ['dsmc', 'incremental', '-subdir=no', '-resourceutilization=2', '/tmp/systemd-private-bbf15b237efd4e12afd451ef6279f46e-systemd-logind.service-cMj7Sf/']

--- 2026-07-16 14:49:58 ---
Directory 4/5: /tmp/.X11-unix/
DRY RUN: ['dsmc', 'incremental', '-subdir=no', '-resourceutilization=2', '/tmp/.X11-unix/']

--- 2026-07-16 14:49:58 ---
Directory 5/5: /tmp/.font-unix/
DRY RUN: ['dsmc', 'incremental', '-subdir=no', '-resourceutilization=2', '/tmp/.font-unix/']

===== 2026-07-16 14:50:42 =====
Directories: 1
/tmp/systemd-private-bbf15b237efd4e12afd451ef6279f46e-chrony.service-BwsR0C/

--- 2026-07-16 14:50:42 ---
Directory 1/1: /tmp/systemd-private-bbf15b237efd4e12afd451ef6279f46e-chrony.service-BwsR0C/
DRY RUN: ['dsmc', 'incremental', '-subdir=no', '-resourceutilization=2', '/tmp/systemd-private-bbf15b237efd4e12afd451ef6279f46e-chrony.service-BwsR0C/']

===== 2026-07-16 14:50:42 =====
Directories: 1
/tmp/systemd-private-bbf15b237efd4e12afd451ef6279f46e-ModemManager.service-qdJcK1/

--- 2026-07-16 14:50:42 ---
Directory 1/1: /tmp/systemd-private-bbf15b237efd4e12afd451ef6279f46e-ModemManager.service-qdJcK1/
DRY RUN: ['dsmc', 'incremental', '-subdir=no', '-resourceutilization=2', '/tmp/systemd-private-bbf15b237efd4e12afd451ef6279f46e-ModemManager.service-qdJcK1/']

===== 2026-07-16 14:50:42 =====
Directories: 1
/tmp/systemd-private-bbf15b237efd4e12afd451ef6279f46e-systemd-resolved.service-ZJNrph/

--- 2026-07-16 14:50:42 ---
Directory 1/1: /tmp/systemd-private-bbf15b237efd4e12afd451ef6279f46e-systemd-resolved.service-ZJNrph/
DRY RUN: ['dsmc', 'incremental', '-subdir=no', '-resourceutilization=2', '/tmp/systemd-private-bbf15b237efd4e12afd451ef6279f46e-systemd-resolved.service-ZJNrph/']

===== 2026-07-16 14:50:42 =====
Directories: 2
/tmp/node-compile-cache/v24.18.0-x64-cf738c9d-0/
/tmp/systemd-private-bbf15b237efd4e12afd451ef6279f46e-systemd-logind.service-cMj7Sf/

--- 2026-07-16 14:50:42 ---
Directory 1/2: /tmp/node-compile-cache/v24.18.0-x64-cf738c9d-0/
DRY RUN: ['dsmc', 'incremental', '-subdir=no', '-resourceutilization=2', '/tmp/node-compile-cache/v24.18.0-x64-cf738c9d-0/']

--- 2026-07-16 14:50:42 ---
Directory 2/2: /tmp/systemd-private-bbf15b237efd4e12afd451ef6279f46e-systemd-logind.service-cMj7Sf/
DRY RUN: ['dsmc', 'incremental', '-subdir=no', '-resourceutilization=2', '/tmp/systemd-private-bbf15b237efd4e12afd451ef6279f46e-systemd-logind.service-cMj7Sf/']
