
===== 2026-07-16 14:49:58 =====
Directories: 1
/tmp/

--- 2026-07-16 14:49:58 ---
Directory 1/1: /tmp/
DRY RUN: ['dsmc', 'incremental', '-subdir=no', '-resourceutilization=2', '/tmp/']

===== 2026-07-16 14:49:58 =====
Directories: 2
/tmp/systemd-private-bbf15b237efd4e12afd451ef6279f46e-haveged.service-qtljGg/
/tmp/systemd-private-bbf15b237efd4e12afd451ef6279f46e-polkit.service-u3KMu6/

--- 2026-07-16 14:49:58 ---
Directory 1/2: /tmp/systemd-private-bbf15b237efd4e12afd451ef6279f46e-haveged.service-qtljGg/
DRY RUN: ['dsmc', 'incremental', '-subdir=no', '-resourceutilization=2', '/tmp/systemd-private-bbf15b237efd4e12afd451ef6279f46e-haveged.service-qtljGg/']

--- 2026-07-16 14:49:58 ---
Directory 2/2: /tmp/systemd-private-bbf15b237efd4e12afd451ef6279f46e-polkit.service-u3KMu6/
DRY RUN: ['dsmc', 'incremental', '-subdir=no', '-resourceutilization=2', '/tmp/systemd-private-bbf15b237efd4e12afd451ef6279f46e-polkit.service-u3KMu6/']

===== 2026-07-16 14:49:58 =====
Directories: 1
/tmp/snap-private-tmp/

--- 2026-07-16 14:49:58 ---
Directory 1/1: /tmp/snap-private-tmp/
DRY RUN: ['dsmc', 'incremental', '-subdir=no', '-resourceutilization=2', '/tmp/snap-private-tmp/']

===== 2026-07-16 14:49:58 =====
Directories: 2
/tmp/codeql-scratch-cdecc89df7a9702e/
/tmp/codeql-scratch-cdecc89df7a9702e/dbs/

--- 2026-07-16 14:49:58 ---
Directory 1/2: /tmp/codeql-scratch-cdecc89df7a9702e/
DRY RUN: ['dsmc', 'incremental', '-subdir=no', '-resourceutilization=2', '/tmp/codeql-scratch-cdecc89df7a9702e/']

--- 2026-07-16 14:49:58 ---
Directory 2/2: /tmp/codeql-scratch-cdecc89df7a9702e/dbs/
DRY RUN: ['dsmc', 'incremental', '-subdir=no', '-resourceutilization=2', '/tmp/codeql-scratch-cdecc89df7a9702e/dbs/']

===== 2026-07-16 14:50:42 =====
Directories: 1
/tmp/

--- 2026-07-16 14:50:42 ---
Directory 1/1: /tmp/
DRY RUN: ['dsmc', 'incremental', '-subdir=no', '-resourceutilization=2', '/tmp/']

===== 2026-07-16 14:50:42 =====
Directories: 1
/tmp/systemd-private-bbf15b237efd4e12afd451ef6279f46e-polkit.service-u3KMu6/

--- 2026-07-16 14:50:42 ---
Directory 1/1: /tmp/systemd-private-bbf15b237efd4e12afd451ef6279f46e-polkit.service-u3KMu6/
DRY RUN: ['dsmc', 'incremental', '-subdir=no', '-resourceutilization=2', '/tmp/systemd-private-bbf15b237efd4e12afd451ef6279f46e-polkit.service-u3KMu6/']

===== 2026-07-16 14:50:42 =====
Directories: 1
/tmp/.ICE-unix/

--- 2026-07-16 14:50:42 ---
Directory 1/1: /tmp/.ICE-unix/
DRY RUN: ['dsmc', 'incremental', '-subdir=no', '-resourceutilization=2', '/tmp/.ICE-unix/']

===== 2026-07-16 14:50:42 =====
Directories: 1
/tmp/node-compile-cache/

--- 2026-07-16 14:50:42 ---
Directory 1/1: /tmp/node-compile-cache/
DRY RUN: ['dsmc', 'incremental', '-subdir=no', '-resourceutilization=2', '/tmp/node-compile-cache/']

===== 2026-07-16 14:50:42 =====
Directories: 3
/tmp/.font-unix/
/tmp/codeql-scratch-cdecc89df7a9702e/
/tmp/codeql-scratch-cdecc89df7a9702e/dbs/

--- 2026-07-16 14:50:42 ---
Directory 1/3: /tmp/.font-unix/
DRY RUN: ['dsmc', 'incremental', '-subdir=no', '-resourceutilization=2', '/tmp/.font-unix/']

--- 2026-07-16 14:50:42 ---
Directory 2/3: /tmp/codeql-scratch-cdecc89df7a9702e/
DRY RUN: ['dsmc', 'incremental', '-subdir=no', '-resourceutilization=2', '/tmp/codeql-scratch-cdecc89df7a9702e/']

--- 2026-07-16 14:50:42 ---
Directory 3/3: /tmp/codeql-scratch-cdecc89df7a9702e/dbs/
DRY RUN: ['dsmc', 'incremental', '-subdir=no', '-resourceutilization=2', '/tmp/codeql-scratch-cdecc89df7a9702e/dbs/']
